----------

Mon Dec 19 2022 21:13:56 GMT+0100 (Midden-Europese standaardtijd)

warning: in the working copy of 'assets/bootstrap/css/bootstrap.min.css', LF will be replaced by CRLF the next time Git touches it


----------

Mon Dec 19 2022 21:13:56 GMT+0100 (Midden-Europese standaardtijd)

warning: in the working copy of 'assets/bootstrap/js/bootstrap.min.js', LF will be replaced by CRLF the next time Git touches it


----------

Mon Dec 19 2022 21:13:56 GMT+0100 (Midden-Europese standaardtijd)

warning: in the working copy of 'assets/css/Animated-CSS-Waves-Background-SVG.css', LF will be replaced by CRLF the next time Git touches it


----------

Mon Dec 19 2022 21:13:56 GMT+0100 (Midden-Europese standaardtijd)

warning: in the working copy of 'assets/css/Animated-Type-Heading.css', LF will be replaced by CRLF the next time Git touches it


----------

Mon Dec 19 2022 21:13:56 GMT+0100 (Midden-Europese standaardtijd)

warning: in the working copy of 'assets/css/Color-Rainbow-Border-Shadow-with-Icon-Round-Animated.css', LF will be replaced by CRLF the next time Git touches it


----------

Mon Dec 19 2022 21:13:56 GMT+0100 (Midden-Europese standaardtijd)

warning: in the working copy of 'assets/css/animate.min.css', LF will be replaced by CRLF the next time Git touches it


----------

Mon Dec 19 2022 21:13:56 GMT+0100 (Midden-Europese standaardtijd)

warning: in the working copy of 'assets/css/card-3-column-animation-shadows-images.css', LF will be replaced by CRLF the next time Git touches it


----------

Mon Dec 19 2022 21:13:56 GMT+0100 (Midden-Europese standaardtijd)

warning: in the working copy of 'assets/fonts/Simple-Line-Icons.svg', LF will be replaced by CRLF the next time Git touches it


----------

Mon Dec 19 2022 21:13:56 GMT+0100 (Midden-Europese standaardtijd)

warning: in the working copy of 'assets/js/Animated-Type-Heading.js', LF will be replaced by CRLF the next time Git touches it


----------

Mon Dec 19 2022 21:13:56 GMT+0100 (Midden-Europese standaardtijd)

warning: in the working copy of 'assets/js/bs-init.js', LF will be replaced by CRLF the next time Git touches it


----------

Mon Dec 19 2022 21:13:56 GMT+0100 (Midden-Europese standaardtijd)

warning: in the working copy of 'assets/js/jquery.min.js', LF will be replaced by CRLF the next time Git touches it


----------

Mon Dec 19 2022 21:13:56 GMT+0100 (Midden-Europese standaardtijd)

warning: in the working copy of 'index.html', LF will be replaced by CRLF the next time Git touches it


----------

Mon Dec 19 2022 21:14:10 GMT+0100 (Midden-Europese standaardtijd)

To https://github.com/HerrForehead/herrforehead.github.io.git
   37e2db9..f779bdf  main -> main


